# JRE version: OpenJDK Runtime Environment Temurin-17.0.4.1+1 (17.0.4.1+1) (build 17.0.4.1+1)
# Java VM: OpenJDK 64-Bit Server VM Temurin-17.0.4.1+1 (17.0.4.1+1, mixed mode, tiered, compressed oops, compressed class ptrs, parallel gc, windows-amd64)
GC Precious Log:
 CPUs: 8 total, 8 available
 Memory: 16167M
 Large Page Support: Disabled
 NUMA Support: Disabled
 Compressed Oops: Enabled (32-bit)
 Alignments: Space 512K, Generation 512K, Heap 2M
 Heap Min Capacity: 100M
 Heap Initial Capacity: 100M
 Heap Max Capacity: 1G
 Pre-touch: Disabled
 Parallel Workers: 8
Heap:
 PSYoungGen      total 17408K, used 15808K [0x00000000eab00000, 0x00000000ebe00000, 0x0000000100000000)
  eden space 16896K, 90% used [0x00000000eab00000,0x00000000eb9f0180,0x00000000ebb80000)
  from space 512K, 100% used [0x00000000ebd00000,0x00000000ebd80000,0x00000000ebd80000)
  to   space 512K, 0% used [0x00000000ebd80000,0x00000000ebd80000,0x00000000ebe00000)
 ParOldGen       total 71680K, used 60094K [0x00000000c0000000, 0x00000000c4600000, 0x00000000eab00000)
  object space 71680K, 83% used [0x00000000c0000000,0x00000000c3aafb10,0x00000000c4600000)
 Metaspace       used 72503K, committed 73600K, reserved 1114112K
  class space    used 8459K, committed 8960K, reserved 1048576K
GC Heap History (20 events):
Event: 89.761 GC heap before
{Heap before GC invocations=99 (full 7):
 PSYoungGen      total 17408K, used 17184K [0x00000000eab00000, 0x00000000ebe00000, 0x0000000100000000)
  eden space 16896K, 100% used [0x00000000eab00000,0x00000000ebb80000,0x00000000ebb80000)
  from space 512K, 56% used [0x00000000ebd00000,0x00000000ebd48000,0x00000000ebd80000)
  to   space 512K, 0% used [0x00000000ebd80000,0x00000000ebd80000,0x00000000ebe00000)
 ParOldGen       total 71680K, used 59822K [0x00000000c0000000, 0x00000000c4600000, 0x00000000eab00000)
  object space 71680K, 83% used [0x00000000c0000000,0x00000000c3a6bb10,0x00000000c4600000)
 Metaspace       used 70720K, committed 71616K, reserved 1114112K
  class space    used 8231K, committed 8640K, reserved 1048576K
}
Event: 89.762 GC heap after
{Heap after GC invocations=99 (full 7):
 PSYoungGen      total 17408K, used 288K [0x00000000eab00000, 0x00000000ebe00000, 0x0000000100000000)
  eden space 16896K, 0% used [0x00000000eab00000,0x00000000eab00000,0x00000000ebb80000)
  from space 512K, 56% used [0x00000000ebd80000,0x00000000ebdc8000,0x00000000ebe00000)
  to   space 512K, 0% used [0x00000000ebd00000,0x00000000ebd00000,0x00000000ebd80000)
 ParOldGen       total 71680K, used 59846K [0x00000000c0000000, 0x00000000c4600000, 0x00000000eab00000)
  object space 71680K, 83% used [0x00000000c0000000,0x00000000c3a71b10,0x00000000c4600000)
 Metaspace       used 70720K, committed 71616K, reserved 1114112K
  class space    used 8231K, committed 8640K, reserved 1048576K
}
Event: 90.666 GC heap before
{Heap before GC invocations=100 (full 7):
 PSYoungGen      total 17408K, used 17184K [0x00000000eab00000, 0x00000000ebe00000, 0x0000000100000000)
  eden space 16896K, 100% used [0x00000000eab00000,0x00000000ebb80000,0x00000000ebb80000)
  from space 512K, 56% used [0x00000000ebd80000,0x00000000ebdc8000,0x00000000ebe00000)
  to   space 512K, 0% used [0x00000000ebd00000,0x00000000ebd00000,0x00000000ebd80000)
 ParOldGen       total 71680K, used 59846K [0x00000000c0000000, 0x00000000c4600000, 0x00000000eab00000)
  object space 71680K, 83% used [0x00000000c0000000,0x00000000c3a71b10,0x00000000c4600000)
 Metaspace       used 70720K, committed 71616K, reserved 1114112K
  class space    used 8231K, committed 8640K, reserved 1048576K
}
Event: 90.667 GC heap after
{Heap after GC invocations=100 (full 7):
 PSYoungGen      total 17408K, used 288K [0x00000000eab00000, 0x00000000ebe00000, 0x0000000100000000)
  eden space 16896K, 0% used [0x00000000eab00000,0x00000000eab00000,0x00000000ebb80000)
  from space 512K, 56% used [0x00000000ebd00000,0x00000000ebd48000,0x00000000ebd80000)
  to   space 512K, 0% used [0x00000000ebd80000,0x00000000ebd80000,0x00000000ebe00000)
 ParOldGen       total 71680K, used 59870K [0x00000000c0000000, 0x00000000c4600000, 0x00000000eab00000)
  object space 71680K, 83% used [0x00000000c0000000,0x00000000c3a77b10,0x00000000c4600000)
 Metaspace       used 70720K, committed 71616K, reserved 1114112K
  class space    used 8231K, committed 8640K, reserved 1048576K
}
Event: 91.525 GC heap before
{Heap before GC invocations=101 (full 7):
 PSYoungGen      total 17408K, used 17184K [0x00000000eab00000, 0x00000000ebe00000, 0x0000000100000000)
  eden space 16896K, 100% used [0x00000000eab00000,0x00000000ebb80000,0x00000000ebb80000)
  from space 512K, 56% used [0x00000000ebd00000,0x00000000ebd48000,0x00000000ebd80000)
  to   space 512K, 0% used [0x00000000ebd80000,0x00000000ebd80000,0x00000000ebe00000)
 ParOldGen       total 71680K, used 59870K [0x00000000c0000000, 0x00000000c4600000, 0x00000000eab00000)
  object space 71680K, 83% used [0x00000000c0000000,0x00000000c3a77b10,0x00000000c4600000)
 Metaspace       used 70721K, committed 71616K, reserved 1114112K
  class space    used 8231K, committed 8640K, reserved 1048576K
}
Event: 91.525 GC heap after
{Heap after GC invocations=101 (full 7):
 PSYoungGen      total 17408K, used 288K [0x00000000eab00000, 0x00000000ebe00000, 0x0000000100000000)
  eden space 16896K, 0% used [0x00000000eab00000,0x00000000eab00000,0x00000000ebb80000)
  from space 512K, 56% used [0x00000000ebd80000,0x00000000ebdc8000,0x00000000ebe00000)
  to   space 512K, 0% used [0x00000000ebd00000,0x00000000ebd00000,0x00000000ebd80000)
 ParOldGen       total 71680K, used 59902K [0x00000000c0000000, 0x00000000c4600000, 0x00000000eab00000)
  object space 71680K, 83% used [0x00000000c0000000,0x00000000c3a7fb10,0x00000000c4600000)
 Metaspace       used 70721K, committed 71616K, reserved 1114112K
  class space    used 8231K, committed 8640K, reserved 1048576K
}
Event: 92.418 GC heap before
{Heap before GC invocations=102 (full 7):
 PSYoungGen      total 17408K, used 17184K [0x00000000eab00000, 0x00000000ebe00000, 0x0000000100000000)
  eden space 16896K, 100% used [0x00000000eab00000,0x00000000ebb80000,0x00000000ebb80000)
  from space 512K, 56% used [0x00000000ebd80000,0x00000000ebdc8000,0x00000000ebe00000)
  to   space 512K, 0% used [0x00000000ebd00000,0x00000000ebd00000,0x00000000ebd80000)
 ParOldGen       total 71680K, used 59902K [0x00000000c0000000, 0x00000000c4600000, 0x00000000eab00000)
  object space 71680K, 83% used [0x00000000c0000000,0x00000000c3a7fb10,0x00000000c4600000)
 Metaspace       used 70721K, committed 71616K, reserved 1114112K
  class space    used 8231K, committed 8640K, reserved 1048576K
}
Event: 92.419 GC heap after
{Heap after GC invocations=102 (full 7):
 PSYoungGen      total 17408K, used 288K [0x00000000eab00000, 0x00000000ebe00000, 0x0000000100000000)
  eden space 16896K, 0% used [0x00000000eab00000,0x00000000eab00000,0x00000000ebb80000)
  from space 512K, 56% used [0x00000000ebd00000,0x00000000ebd48000,0x00000000ebd80000)
  to   space 512K, 0% used [0x00000000ebd80000,0x00000000ebd80000,0x00000000ebe00000)
 ParOldGen       total 71680K, used 59934K [0x00000000c0000000, 0x00000000c4600000, 0x00000000eab00000)
  object space 71680K, 83% used [0x00000000c0000000,0x00000000c3a87b10,0x00000000c4600000)
 Metaspace       used 70721K, committed 71616K, reserved 1114112K
  class space    used 8231K, committed 8640K, reserved 1048576K
}
Event: 93.557 GC heap before
{Heap before GC invocations=103 (full 7):
 PSYoungGen      total 17408K, used 17184K [0x00000000eab00000, 0x00000000ebe00000, 0x0000000100000000)
  eden space 16896K, 100% used [0x00000000eab00000,0x00000000ebb80000,0x00000000ebb80000)
  from space 512K, 56% used [0x00000000ebd00000,0x00000000ebd48000,0x00000000ebd80000)
  to   space 512K, 0% used [0x00000000ebd80000,0x00000000ebd80000,0x00000000ebe00000)
 ParOldGen       total 71680K, used 59934K [0x00000000c0000000, 0x00000000c4600000, 0x00000000eab00000)
  object space 71680K, 83% used [0x00000000c0000000,0x00000000c3a87b10,0x00000000c4600000)
 Metaspace       used 70721K, committed 71616K, reserved 1114112K
  class space    used 8231K, committed 8640K, reserved 1048576K
}
Event: 93.557 GC heap after
{Heap after GC invocations=103 (full 7):
 PSYoungGen      total 17408K, used 288K [0x00000000eab00000, 0x00000000ebe00000, 0x0000000100000000)
  eden space 16896K, 0% used [0x00000000eab00000,0x00000000eab00000,0x00000000ebb80000)
  from space 512K, 56% used [0x00000000ebd80000,0x00000000ebdc8000,0x00000000ebe00000)
  to   space 512K, 0% used [0x00000000ebd00000,0x00000000ebd00000,0x00000000ebd80000)
 ParOldGen       total 71680K, used 59950K [0x00000000c0000000, 0x00000000c4600000, 0x00000000eab00000)
  object space 71680K, 83% used [0x00000000c0000000,0x00000000c3a8bb10,0x00000000c4600000)
 Metaspace       used 70721K, committed 71616K, reserved 1114112K
  class space    used 8231K, committed 8640K, reserved 1048576K
}
Event: 94.615 GC heap before
{Heap before GC invocations=104 (full 7):
 PSYoungGen      total 17408K, used 17184K [0x00000000eab00000, 0x00000000ebe00000, 0x0000000100000000)
  eden space 16896K, 100% used [0x00000000eab00000,0x00000000ebb80000,0x00000000ebb80000)
  from space 512K, 56% used [0x00000000ebd80000,0x00000000ebdc8000,0x00000000ebe00000)
  to   space 512K, 0% used [0x00000000ebd00000,0x00000000ebd00000,0x00000000ebd80000)
 ParOldGen       total 71680K, used 59950K [0x00000000c0000000, 0x00000000c4600000, 0x00000000eab00000)
  object space 71680K, 83% used [0x00000000c0000000,0x00000000c3a8bb10,0x00000000c4600000)
 Metaspace       used 70721K, committed 71616K, reserved 1114112K
  class space    used 8231K, committed 8640K, reserved 1048576K
}
Event: 94.616 GC heap after
{Heap after GC invocations=104 (full 7):
 PSYoungGen      total 17408K, used 192K [0x00000000eab00000, 0x00000000ebe00000, 0x0000000100000000)
  eden space 16896K, 0% used [0x00000000eab00000,0x00000000eab00000,0x00000000ebb80000)
  from space 512K, 37% used [0x00000000ebd00000,0x00000000ebd30000,0x00000000ebd80000)
  to   space 512K, 0% used [0x00000000ebd80000,0x00000000ebd80000,0x00000000ebe00000)
 ParOldGen       total 71680K, used 59974K [0x00000000c0000000, 0x00000000c4600000, 0x00000000eab00000)
  object space 71680K, 83% used [0x00000000c0000000,0x00000000c3a91b10,0x00000000c4600000)
 Metaspace       used 70721K, committed 71616K, reserved 1114112K
  class space    used 8231K, committed 8640K, reserved 1048576K
}
Event: 95.636 GC heap before
{Heap before GC invocations=105 (full 7):
 PSYoungGen      total 17408K, used 17088K [0x00000000eab00000, 0x00000000ebe00000, 0x0000000100000000)
  eden space 16896K, 100% used [0x00000000eab00000,0x00000000ebb80000,0x00000000ebb80000)
  from space 512K, 37% used [0x00000000ebd00000,0x00000000ebd30000,0x00000000ebd80000)
  to   space 512K, 0% used [0x00000000ebd80000,0x00000000ebd80000,0x00000000ebe00000)
 ParOldGen       total 71680K, used 59974K [0x00000000c0000000, 0x00000000c4600000, 0x00000000eab00000)
  object space 71680K, 83% used [0x00000000c0000000,0x00000000c3a91b10,0x00000000c4600000)
 Metaspace       used 70721K, committed 71616K, reserved 1114112K
  class space    used 8231K, committed 8640K, reserved 1048576K
}
Event: 95.636 GC heap after
{Heap after GC invocations=105 (full 7):
 PSYoungGen      total 17408K, used 192K [0x00000000eab00000, 0x00000000ebe00000, 0x0000000100000000)
  eden space 16896K, 0% used [0x00000000eab00000,0x00000000eab00000,0x00000000ebb80000)
  from space 512K, 37% used [0x00000000ebd80000,0x00000000ebdb0000,0x00000000ebe00000)
  to   space 512K, 0% used [0x00000000ebd00000,0x00000000ebd00000,0x00000000ebd80000)
 ParOldGen       total 71680K, used 60006K [0x00000000c0000000, 0x00000000c4600000, 0x00000000eab00000)
  object space 71680K, 83% used [0x00000000c0000000,0x00000000c3a99b10,0x00000000c4600000)
 Metaspace       used 70721K, committed 71616K, reserved 1114112K
  class space    used 8231K, committed 8640K, reserved 1048576K
}
Event: 96.558 GC heap before
{Heap before GC invocations=106 (full 7):
 PSYoungGen      total 17408K, used 17088K [0x00000000eab00000, 0x00000000ebe00000, 0x0000000100000000)
  eden space 16896K, 100% used [0x00000000eab00000,0x00000000ebb80000,0x00000000ebb80000)
  from space 512K, 37% used [0x00000000ebd80000,0x00000000ebdb0000,0x00000000ebe00000)
  to   space 512K, 0% used [0x00000000ebd00000,0x00000000ebd00000,0x00000000ebd80000)
 ParOldGen       total 71680K, used 60006K [0x00000000c0000000, 0x00000000c4600000, 0x00000000eab00000)
  object space 71680K, 83% used [0x00000000c0000000,0x00000000c3a99b10,0x00000000c4600000)
 Metaspace       used 70735K, committed 71616K, reserved 1114112K
  class space    used 8231K, committed 8640K, reserved 1048576K
}
Event: 96.558 GC heap after
{Heap after GC invocations=106 (full 7):
 PSYoungGen      total 17408K, used 224K [0x00000000eab00000, 0x00000000ebe00000, 0x0000000100000000)
  eden space 16896K, 0% used [0x00000000eab00000,0x00000000eab00000,0x00000000ebb80000)
  from space 512K, 43% used [0x00000000ebd00000,0x00000000ebd38000,0x00000000ebd80000)
  to   space 512K, 0% used [0x00000000ebd80000,0x00000000ebd80000,0x00000000ebe00000)
 ParOldGen       total 71680K, used 60038K [0x00000000c0000000, 0x00000000c4600000, 0x00000000eab00000)
  object space 71680K, 83% used [0x00000000c0000000,0x00000000c3aa1b10,0x00000000c4600000)
 Metaspace       used 70735K, committed 71616K, reserved 1114112K
  class space    used 8231K, committed 8640K, reserved 1048576K
}
Event: 97.409 GC heap before
{Heap before GC invocations=107 (full 7):
 PSYoungGen      total 17408K, used 17120K [0x00000000eab00000, 0x00000000ebe00000, 0x0000000100000000)
  eden space 16896K, 100% used [0x00000000eab00000,0x00000000ebb80000,0x00000000ebb80000)
  from space 512K, 43% used [0x00000000ebd00000,0x00000000ebd38000,0x00000000ebd80000)
  to   space 512K, 0% used [0x00000000ebd80000,0x00000000ebd80000,0x00000000ebe00000)
 ParOldGen       total 71680K, used 60038K [0x00000000c0000000, 0x00000000c4600000, 0x00000000eab00000)
  object space 71680K, 83% used [0x00000000c0000000,0x00000000c3aa1b10,0x00000000c4600000)
 Metaspace       used 70735K, committed 71616K, reserved 1114112K
  class space    used 8231K, committed 8640K, reserved 1048576K
}
Event: 97.409 GC heap after
{Heap after GC invocations=107 (full 7):
 PSYoungGen      total 17408K, used 224K [0x00000000eab00000, 0x00000000ebe00000, 0x0000000100000000)
  eden space 16896K, 0% used [0x00000000eab00000,0x00000000eab00000,0x00000000ebb80000)
  from space 512K, 43% used [0x00000000ebd80000,0x00000000ebdb8000,0x00000000ebe00000)
  to   space 512K, 0% used [0x00000000ebd00000,0x00000000ebd00000,0x00000000ebd80000)
 ParOldGen       total 71680K, used 60094K [0x00000000c0000000, 0x00000000c4600000, 0x00000000eab00000)
  object space 71680K, 83% used [0x00000000c0000000,0x00000000c3aafb10,0x00000000c4600000)
 Metaspace       used 70735K, committed 71616K, reserved 1114112K
  class space    used 8231K, committed 8640K, reserved 1048576K
}
Event: 98.331 GC heap before
{Heap before GC invocations=108 (full 7):
 PSYoungGen      total 17408K, used 17120K [0x00000000eab00000, 0x00000000ebe00000, 0x0000000100000000)
  eden space 16896K, 100% used [0x00000000eab00000,0x00000000ebb80000,0x00000000ebb80000)
  from space 512K, 43% used [0x00000000ebd80000,0x00000000ebdb8000,0x00000000ebe00000)
  to   space 512K, 0% used [0x00000000ebd00000,0x00000000ebd00000,0x00000000ebd80000)
 ParOldGen       total 71680K, used 60094K [0x00000000c0000000, 0x00000000c4600000, 0x00000000eab00000)
  object space 71680K, 83% used [0x00000000c0000000,0x00000000c3aafb10,0x00000000c4600000)
 Metaspace       used 71192K, committed 72064K, reserved 1114112K
  class space    used 8289K, committed 8704K, reserved 1048576K
}
Event: 98.332 GC heap after
{Heap after GC invocations=108 (full 7):
 PSYoungGen      total 17408K, used 512K [0x00000000eab00000, 0x00000000ebe00000, 0x0000000100000000)
  eden space 16896K, 0% used [0x00000000eab00000,0x00000000eab00000,0x00000000ebb80000)
  from space 512K, 100% used [0x00000000ebd00000,0x00000000ebd80000,0x00000000ebd80000)
  to   space 512K, 0% used [0x00000000ebd80000,0x00000000ebd80000,0x00000000ebe00000)
 ParOldGen       total 71680K, used 60094K [0x00000000c0000000, 0x00000000c4600000, 0x00000000eab00000)
  object space 71680K, 83% used [0x00000000c0000000,0x00000000c3aafb10,0x00000000c4600000)
 Metaspace       used 71192K, committed 72064K, reserved 1114112K
  class space    used 8289K, committed 8704K, reserved 1048576K
}

