# JRE version: OpenJDK Runtime Environment 18.9 (11.0.14.1+1) (build 11.0.14.1+1)
# Java VM: OpenJDK 64-Bit Server VM 18.9 (11.0.14.1+1, mixed mode, tiered, compressed oops, g1 gc, windows-amd64)
Heap:
 garbage-first heap   total 260096K, used 88532K [0x0000000080000000, 0x0000000100000000)
  region size 1024K, 70 young (71680K), 7 survivors (7168K)
 Metaspace       used 42710K, capacity 43839K, committed 44032K, reserved 555008K
  class space    used 5360K, capacity 5768K, committed 5888K, reserved 516096K
GC Heap History (8 events):
Event: 0.756 GC heap before
{Heap before GC invocations=0 (full 0):
 garbage-first heap   total 260096K, used 29696K [0x0000000080000000, 0x0000000100000000)
  region size 1024K, 24 young (24576K), 0 survivors (0K)
 Metaspace       used 10184K, capacity 10432K, committed 10624K, reserved 526336K
  class space    used 1043K, capacity 1140K, committed 1152K, reserved 516096K
}
Event: 0.760 GC heap after
{Heap after GC invocations=1 (full 0):
 garbage-first heap   total 260096K, used 9495K [0x0000000080000000, 0x0000000100000000)
  region size 1024K, 3 young (3072K), 3 survivors (3072K)
 Metaspace       used 10184K, capacity 10432K, committed 10624K, reserved 526336K
  class space    used 1043K, capacity 1140K, committed 1152K, reserved 516096K
}
Event: 2.557 GC heap before
{Heap before GC invocations=1 (full 0):
 garbage-first heap   total 260096K, used 104727K [0x0000000080000000, 0x0000000100000000)
  region size 1024K, 96 young (98304K), 3 survivors (3072K)
 Metaspace       used 20707K, capacity 21119K, committed 21296K, reserved 536576K
  class space    used 2512K, capacity 2668K, committed 2688K, reserved 516096K
}
Event: 2.569 GC heap after
{Heap after GC invocations=2 (full 0):
 garbage-first heap   total 260096K, used 17211K [0x0000000080000000, 0x0000000100000000)
  region size 1024K, 11 young (11264K), 11 survivors (11264K)
 Metaspace       used 20707K, capacity 21119K, committed 21296K, reserved 536576K
  class space    used 2512K, capacity 2668K, committed 2688K, reserved 516096K
}
Event: 3.142 GC heap before
{Heap before GC invocations=3 (full 0):
 garbage-first heap   total 260096K, used 53051K [0x0000000080000000, 0x0000000100000000)
  region size 1024K, 47 young (48128K), 11 survivors (11264K)
 Metaspace       used 24616K, capacity 25189K, committed 25344K, reserved 538624K
  class space    used 3091K, capacity 3305K, committed 3328K, reserved 516096K
}
Event: 3.148 GC heap after
{Heap after GC invocations=4 (full 0):
 garbage-first heap   total 260096K, used 18283K [0x0000000080000000, 0x0000000100000000)
  region size 1024K, 2 young (2048K), 2 survivors (2048K)
 Metaspace       used 24616K, capacity 25189K, committed 25344K, reserved 538624K
  class space    used 3091K, capacity 3305K, committed 3328K, reserved 516096K
}
Event: 4.638 GC heap before
{Heap before GC invocations=4 (full 0):
 garbage-first heap   total 260096K, used 109419K [0x0000000080000000, 0x0000000100000000)
  region size 1024K, 93 young (95232K), 2 survivors (2048K)
 Metaspace       used 34981K, capacity 35890K, committed 35968K, reserved 548864K
  class space    used 4628K, capacity 4964K, committed 4992K, reserved 516096K
}
Event: 4.646 GC heap after
{Heap after GC invocations=5 (full 0):
 garbage-first heap   total 260096K, used 22996K [0x0000000080000000, 0x0000000100000000)
  region size 1024K, 7 young (7168K), 7 survivors (7168K)
 Metaspace       used 34981K, capacity 35890K, committed 35968K, reserved 548864K
  class space    used 4628K, capacity 4964K, committed 4992K, reserved 516096K
}

